INFO: localdir at /localscratch/3568846.f.cisternino
INFO: your job will run on local system.
/cm/local/apps/slurm/var/spool/job3568846/slurm_script: line 9: #SBATCH --gres=gpu:1: command not found
----------------------------
 JOB ID: 3568846
 CURRENT TASK ID: 3568846
 CURRENT TASK NUMBER: 0
----------------------------
 MIN TASK ID: 0
 MAX TASK ID: 0
 TOTAL NUMBER OF TASKS: 1
----------------------------
Number of files: 1
Chunk 0: 1 slides
=> loading checkpoint '../PathProfiler/tissue_segmentation/checkpoint_ts.pth'
=> loaded checkpoint '../PathProfiler/tissue_segmentation/checkpoint_ts.pth' (epoch 2506)
Segmentation: slide 1/1
Processing ../slides/GTEX-11I78-1025.svs
Tissue segmentation done (40.69)s
slurmstepd: error: _cgroup_procs_check: failed on path /sys/fs/cgroup/memory/slurm/uid_4021/job_3568846/step_batch/cgroup.procs: No such file or directory
slurmstepd: error: unable to read '/sys/fs/cgroup/memory/slurm/uid_4021/job_3568846/step_batch/cgroup.procs'
